{"/home/the_hero_of_ages/Projects/Marquee/ShelfSpace/services/book-service/src/schemas.ts": {"path":"/home/the_hero_of_ages/Projects/Marquee/ShelfSpace/services/book-service/src/schemas.ts","statementMap":{"0":{"start":{"line":3,"column":26},"end":{"line":29,"column":2}},"1":{"start":{"line":31,"column":19},"end":{"line":36,"column":4}},"2":{"start":{"line":34,"column":19},"end":{"line":34,"column":41}},"3":{"start":{"line":38,"column":20},"end":{"line":46,"column":4}},"4":{"start":{"line":42,"column":14},"end":{"line":42,"column":31}},"5":{"start":{"line":43,"column":4},"end":{"line":43,"column":30}},"6":{"start":{"line":48,"column":29},"end":{"line":50,"column":2}},"7":{"start":{"line":52,"column":32},"end":{"line":54,"column":2}},"8":{"start":{"line":56,"column":32},"end":{"line":61,"column":2}},"9":{"start":{"line":63,"column":33},"end":{"line":67,"column":2}},"10":{"start":{"line":69,"column":32},"end":{"line":73,"column":2}},"11":{"start":{"line":75,"column":32},"end":{"line":81,"column":2}},"12":{"start":{"line":83,"column":30},"end":{"line":92,"column":2}},"13":{"start":{"line":94,"column":38},"end":{"line":100,"column":2}},"14":{"start":{"line":96,"column":39},"end":{"line":96,"column":62}},"15":{"start":{"line":102,"column":37},"end":{"line":106,"column":2}},"16":{"start":{"line":108,"column":38},"end":{"line":112,"column":2}}},"fnMap":{"0":{"name":"(anonymous_0)","decl":{"start":{"line":34,"column":10},"end":{"line":34,"column":11}},"loc":{"start":{"line":34,"column":19},"end":{"line":34,"column":41}}},"1":{"name":"(anonymous_1)","decl":{"start":{"line":41,"column":10},"end":{"line":41,"column":11}},"loc":{"start":{"line":41,"column":18},"end":{"line":44,"column":3}}},"2":{"name":"(anonymous_2)","decl":{"start":{"line":96,"column":30},"end":{"line":96,"column":31}},"loc":{"start":{"line":96,"column":39},"end":{"line":96,"column":62}}}},"branchMap":{"0":{"loc":{"start":{"line":43,"column":11},"end":{"line":43,"column":29}},"type":"binary-expr","locations":[{"start":{"line":43,"column":11},"end":{"line":43,"column":17}},{"start":{"line":43,"column":21},"end":{"line":43,"column":29}}]}},"s":{"0":1,"1":1,"2":3,"3":1,"4":2,"5":2,"6":1,"7":1,"8":1,"9":1,"10":1,"11":1,"12":1,"13":1,"14":2,"15":1,"16":1},"f":{"0":3,"1":2,"2":2},"b":{"0":[2,2]}}
}
