{"/home/the_hero_of_ages/Projects/Marquee/ShelfSpace/services/forum-service/src/schemas.ts": {"path":"/home/the_hero_of_ages/Projects/Marquee/ShelfSpace/services/forum-service/src/schemas.ts","statementMap":{"0":{"start":{"line":3,"column":33},"end":{"line":8,"column":2}},"1":{"start":{"line":10,"column":33},"end":{"line":15,"column":2}},"2":{"start":{"line":17,"column":34},"end":{"line":20,"column":2}},"3":{"start":{"line":22,"column":34},"end":{"line":27,"column":2}},"4":{"start":{"line":29,"column":32},"end":{"line":32,"column":2}},"5":{"start":{"line":34,"column":32},"end":{"line":36,"column":2}},"6":{"start":{"line":38,"column":30},"end":{"line":40,"column":2}}},"fnMap":{},"branchMap":{},"s":{"0":1,"1":1,"2":1,"3":1,"4":1,"5":1,"6":1},"f":{},"b":{}}
}
