{"/home/the_hero_of_ages/Projects/Marquee/ShelfSpace/services/admin-service/src/middlewares/validate.ts": {"path":"/home/the_hero_of_ages/Projects/Marquee/ShelfSpace/services/admin-service/src/middlewares/validate.ts","statementMap":{"0":{"start":{"line":9,"column":2},"end":{"line":22,"column":3}},"1":{"start":{"line":9,"column":25},"end":{"line":22,"column":3}},"2":{"start":{"line":10,"column":4},"end":{"line":21,"column":5}},"3":{"start":{"line":11,"column":6},"end":{"line":11,"column":24}},"4":{"start":{"line":12,"column":6},"end":{"line":12,"column":13}},"5":{"start":{"line":14,"column":6},"end":{"line":19,"column":7}},"6":{"start":{"line":15,"column":8},"end":{"line":18,"column":11}},"7":{"start":{"line":20,"column":6},"end":{"line":20,"column":18}}},"fnMap":{"0":{"name":"(anonymous_0)","decl":{"start":{"line":9,"column":2},"end":{"line":9,"column":3}},"loc":{"start":{"line":9,"column":25},"end":{"line":22,"column":3}}},"1":{"name":"(anonymous_1)","decl":{"start":{"line":9,"column":25},"end":{"line":9,"column":26}},"loc":{"start":{"line":9,"column":77},"end":{"line":22,"column":3}}}},"branchMap":{"0":{"loc":{"start":{"line":14,"column":6},"end":{"line":19,"column":7}},"type":"if","locations":[{"start":{"line":14,"column":6},"end":{"line":19,"column":7}},{"start":{},"end":{}}]}},"s":{"0":1,"1":3,"2":3,"3":3,"4":1,"5":2,"6":1,"7":1},"f":{"0":3,"1":3},"b":{"0":[1,1]}}
}
