{"/home/the_hero_of_ages/Projects/Marquee/ShelfSpace/services/user-service/src/schemas.ts": {"path":"/home/the_hero_of_ages/Projects/Marquee/ShelfSpace/services/user-service/src/schemas.ts","statementMap":{"0":{"start":{"line":3,"column":32},"end":{"line":6,"column":2}},"1":{"start":{"line":8,"column":32},"end":{"line":14,"column":2}},"2":{"start":{"line":16,"column":39},"end":{"line":33,"column":2}},"3":{"start":{"line":35,"column":38},"end":{"line":37,"column":2}}},"fnMap":{},"branchMap":{},"s":{"0":1,"1":1,"2":1,"3":1},"f":{},"b":{}}
,"/home/the_hero_of_ages/Projects/Marquee/ShelfSpace/services/user-service/src/middlewares/auth.ts": {"path":"/home/the_hero_of_ages/Projects/Marquee/ShelfSpace/services/user-service/src/middlewares/auth.ts","statementMap":{"0":{"start":{"line":5,"column":18},"end":{"line":5,"column":66}},"1":{"start":{"line":6,"column":18},"end":{"line":6,"column":25}},"2":{"start":{"line":17,"column":16},"end":{"line":21,"column":20}},"3":{"start":{"line":23,"column":2},"end":{"line":23,"column":15}},"4":{"start":{"line":31,"column":2},"end":{"line":38,"column":3}},"5":{"start":{"line":32,"column":24},"end":{"line":34,"column":6}},"6":{"start":{"line":35,"column":4},"end":{"line":35,"column":19}},"7":{"start":{"line":37,"column":4},"end":{"line":37,"column":16}},"8":{"start":{"line":52,"column":21},"end":{"line":52,"column":46}},"9":{"start":{"line":53,"column":2},"end":{"line":58,"column":3}},"10":{"start":{"line":54,"column":4},"end":{"line":57,"column":7}},"11":{"start":{"line":59,"column":16},"end":{"line":59,"column":40}},"12":{"start":{"line":61,"column":2},"end":{"line":70,"column":3}},"13":{"start":{"line":62,"column":4},"end":{"line":64,"column":6}},"14":{"start":{"line":66,"column":4},"end":{"line":69,"column":7}},"15":{"start":{"line":71,"column":2},"end":{"line":91,"column":3}},"16":{"start":{"line":72,"column":20},"end":{"line":72,"column":44}},"17":{"start":{"line":73,"column":4},"end":{"line":78,"column":5}},"18":{"start":{"line":74,"column":6},"end":{"line":77,"column":9}},"19":{"start":{"line":79,"column":4},"end":{"line":79,"column":28}},"20":{"start":{"line":80,"column":4},"end":{"line":80,"column":11}},"21":{"start":{"line":82,"column":23},"end":{"line":82,"column":76}},"22":{"start":{"line":83,"column":4},"end":{"line":85,"column":5}},"23":{"start":{"line":84,"column":6},"end":{"line":84,"column":35}},"24":{"start":{"line":86,"column":4},"end":{"line":86,"column":60}},"25":{"start":{"line":87,"column":4},"end":{"line":90,"column":7}}},"fnMap":{"0":{"name":"signToken","decl":{"start":{"line":16,"column":22},"end":{"line":16,"column":31}},"loc":{"start":{"line":16,"column":55},"end":{"line":24,"column":1}}},"1":{"name":"verifyToken","decl":{"start":{"line":30,"column":22},"end":{"line":30,"column":33}},"loc":{"start":{"line":30,"column":47},"end":{"line":39,"column":1}}},"2":{"name":"isAuthenticated","decl":{"start":{"line":47,"column":22},"end":{"line":47,"column":37}},"loc":{"start":{"line":50,"column":20},"end":{"line":92,"column":1}}}},"branchMap":{"0":{"loc":{"start":{"line":53,"column":2},"end":{"line":58,"column":3}},"type":"if","locations":[{"start":{"line":53,"column":2},"end":{"line":58,"column":3}}]},"1":{"loc":{"start":{"line":53,"column":6},"end":{"line":53,"column":54}},"type":"binary-expr","locations":[{"start":{"line":53,"column":6},"end":{"line":53,"column":17}},{"start":{"line":53,"column":21},"end":{"line":53,"column":54}}]},"2":{"loc":{"start":{"line":61,"column":2},"end":{"line":70,"column":3}},"type":"if","locations":[{"start":{"line":61,"column":2},"end":{"line":70,"column":3}}]},"3":{"loc":{"start":{"line":73,"column":4},"end":{"line":78,"column":5}},"type":"if","locations":[{"start":{"line":73,"column":4},"end":{"line":78,"column":5}}]},"4":{"loc":{"start":{"line":83,"column":4},"end":{"line":85,"column":5}},"type":"if","locations":[{"start":{"line":83,"column":4},"end":{"line":85,"column":5}}]}},"s":{"0":7,"1":7,"2":3,"3":3,"4":5,"5":5,"6":3,"7":2,"8":5,"9":5,"10":1,"11":4,"12":4,"13":1,"14":1,"15":3,"16":3,"17":3,"18":1,"19":2,"20":2,"21":1,"22":1,"23":1,"24":1,"25":1},"f":{"0":3,"1":5,"2":5},"b":{"0":[1],"1":[5,4],"2":[1],"3":[1],"4":[1]}}
,"/home/the_hero_of_ages/Projects/Marquee/ShelfSpace/services/user-service/src/middlewares/validate.ts": {"path":"/home/the_hero_of_ages/Projects/Marquee/ShelfSpace/services/user-service/src/middlewares/validate.ts","statementMap":{"0":{"start":{"line":9,"column":2},"end":{"line":23,"column":3}},"1":{"start":{"line":10,"column":2},"end":{"line":23,"column":3}},"2":{"start":{"line":11,"column":4},"end":{"line":22,"column":5}},"3":{"start":{"line":12,"column":6},"end":{"line":12,"column":24}},"4":{"start":{"line":13,"column":6},"end":{"line":13,"column":13}},"5":{"start":{"line":15,"column":6},"end":{"line":20,"column":7}},"6":{"start":{"line":16,"column":8},"end":{"line":19,"column":11}},"7":{"start":{"line":21,"column":6},"end":{"line":21,"column":18}}},"fnMap":{"0":{"name":"(anonymous_0)","decl":{"start":{"line":9,"column":2},"end":{"line":9,"column":3}},"loc":{"start":{"line":10,"column":2},"end":{"line":23,"column":3}}},"1":{"name":"(anonymous_1)","decl":{"start":{"line":10,"column":2},"end":{"line":10,"column":3}},"loc":{"start":{"line":10,"column":54},"end":{"line":23,"column":3}}}},"branchMap":{"0":{"loc":{"start":{"line":15,"column":6},"end":{"line":20,"column":7}},"type":"if","locations":[{"start":{"line":15,"column":6},"end":{"line":20,"column":7}}]}},"s":{"0":1,"1":3,"2":3,"3":3,"4":1,"5":2,"6":1,"7":1},"f":{"0":3,"1":3},"b":{"0":[1]}}
}
