TN:
SF:src/schemas.ts
FNF:0
FNH:0
DA:3,1
DA:8,1
DA:16,1
DA:35,1
LF:4
LH:4
BRF:0
BRH:0
end_of_record
TN:
SF:src/middlewares/auth.ts
FN:16,signToken
FN:30,verifyToken
FN:47,isAuthenticated
FNF:3
FNH:3
FNDA:3,signToken
FNDA:5,verifyToken
FNDA:5,isAuthenticated
DA:5,7
DA:6,7
DA:17,3
DA:23,3
DA:31,5
DA:32,5
DA:35,3
DA:37,2
DA:52,5
DA:53,5
DA:54,1
DA:59,4
DA:61,4
DA:62,1
DA:66,1
DA:71,3
DA:72,3
DA:73,3
DA:74,1
DA:79,2
DA:80,2
DA:82,1
DA:83,1
DA:84,1
DA:86,1
DA:87,1
LF:26
LH:26
BRDA:53,0,0,1
BRDA:53,1,0,5
BRDA:53,1,1,4
BRDA:61,2,0,1
BRDA:73,3,0,1
BRDA:83,4,0,1
BRF:6
BRH:6
end_of_record
TN:
SF:src/middlewares/validate.ts
FN:9,(anonymous_0)
FN:10,(anonymous_1)
FNF:2
FNH:2
FNDA:3,(anonymous_0)
FNDA:3,(anonymous_1)
DA:9,1
DA:10,3
DA:11,3
DA:12,3
DA:13,1
DA:15,2
DA:16,1
DA:21,1
LF:8
LH:8
BRDA:15,0,0,1
BRF:1
BRH:1
end_of_record
