{"/home/the_hero_of_ages/Projects/Marquee/ShelfSpace/tests/integration/setup.ts": {"path":"/home/the_hero_of_ages/Projects/Marquee/ShelfSpace/tests/integration/setup.ts","statementMap":{"0":{"start":{"line":38,"column":0},"end":{"line":38,"column":16}},"1":{"start":{"line":61,"column":0},"end":{"line":61,"column":7}},"2":{"start":{"line":69,"column":0},"end":{"line":69,"column":16}},"3":{"start":{"line":77,"column":0},"end":{"line":77,"column":7}},"4":{"start":{"line":85,"column":0},"end":{"line":85,"column":7}},"5":{"start":{"line":104,"column":0},"end":{"line":104,"column":7}},"6":{"start":{"line":12,"column":2},"end":{"line":12,"column":26}},"7":{"start":{"line":16,"column":13},"end":{"line":33,"column":2}},"8":{"start":{"line":36,"column":38},"end":{"line":36,"column":42}},"9":{"start":{"line":39,"column":2},"end":{"line":56,"column":3}},"10":{"start":{"line":40,"column":4},"end":{"line":42,"column":5}},"11":{"start":{"line":41,"column":6},"end":{"line":41,"column":93}},"12":{"start":{"line":44,"column":4},"end":{"line":48,"column":5}},"13":{"start":{"line":45,"column":6},"end":{"line":45,"column":64}},"14":{"start":{"line":47,"column":6},"end":{"line":47,"column":107}},"15":{"start":{"line":49,"column":4},"end":{"line":55,"column":7}},"16":{"start":{"line":57,"column":2},"end":{"line":57,"column":16}},"17":{"start":{"line":65,"column":2},"end":{"line":65,"column":32}},"18":{"start":{"line":70,"column":2},"end":{"line":73,"column":4}},"19":{"start":{"line":78,"column":2},"end":{"line":81,"column":3}},"20":{"start":{"line":79,"column":4},"end":{"line":79,"column":31}},"21":{"start":{"line":80,"column":4},"end":{"line":80,"column":18}},"22":{"start":{"line":87,"column":19},"end":{"line":91,"column":4}},"23":{"start":{"line":93,"column":2},"end":{"line":100,"column":3}},"24":{"start":{"line":94,"column":4},"end":{"line":99,"column":5}},"25":{"start":{"line":95,"column":20},"end":{"line":95,"column":30}},"26":{"start":{"line":96,"column":6},"end":{"line":96,"column":65}},"27":{"start":{"line":98,"column":6},"end":{"line":98,"column":68}},"28":{"start":{"line":105,"column":2},"end":{"line":105,"column":18}}},"fnMap":{"0":{"name":"getAxios","decl":{"start":{"line":10,"column":9},"end":{"line":10,"column":17}},"loc":{"start":{"line":10,"column":17},"end":{"line":13,"column":1}}},"1":{"name":"getPrismaClient","decl":{"start":{"line":38,"column":16},"end":{"line":38,"column":31}},"loc":{"start":{"line":38,"column":31},"end":{"line":58,"column":1}}},"2":{"name":"createTestToken","decl":{"start":{"line":61,"column":22},"end":{"line":61,"column":37}},"loc":{"start":{"line":61,"column":52},"end":{"line":66,"column":1}}},"3":{"name":"getAuthHeaders","decl":{"start":{"line":69,"column":16},"end":{"line":69,"column":30}},"loc":{"start":{"line":69,"column":44},"end":{"line":74,"column":1}}},"4":{"name":"cleanup","decl":{"start":{"line":77,"column":22},"end":{"line":77,"column":29}},"loc":{"start":{"line":77,"column":29},"end":{"line":82,"column":1}}},"5":{"name":"globalSetup","decl":{"start":{"line":85,"column":22},"end":{"line":85,"column":33}},"loc":{"start":{"line":85,"column":33},"end":{"line":101,"column":1}}},"6":{"name":"globalTeardown","decl":{"start":{"line":104,"column":22},"end":{"line":104,"column":36}},"loc":{"start":{"line":104,"column":36},"end":{"line":106,"column":1}}}},"branchMap":{"0":{"loc":{"start":{"line":18,"column":20},"end":{"line":18,"column":80}},"type":"binary-expr","locations":[{"start":{"line":18,"column":20},"end":{"line":18,"column":53}},{"start":{"line":18,"column":57},"end":{"line":18,"column":80}}]},"1":{"loc":{"start":{"line":19,"column":22},"end":{"line":19,"column":84}},"type":"binary-expr","locations":[{"start":{"line":19,"column":22},"end":{"line":19,"column":57}},{"start":{"line":19,"column":61},"end":{"line":19,"column":84}}]},"2":{"loc":{"start":{"line":20,"column":21},"end":{"line":20,"column":82}},"type":"binary-expr","locations":[{"start":{"line":20,"column":21},"end":{"line":20,"column":55}},{"start":{"line":20,"column":59},"end":{"line":20,"column":82}}]},"3":{"loc":{"start":{"line":21,"column":23},"end":{"line":21,"column":86}},"type":"binary-expr","locations":[{"start":{"line":21,"column":23},"end":{"line":21,"column":59}},{"start":{"line":21,"column":63},"end":{"line":21,"column":86}}]},"4":{"loc":{"start":{"line":22,"column":20},"end":{"line":22,"column":80}},"type":"binary-expr","locations":[{"start":{"line":22,"column":20},"end":{"line":22,"column":53}},{"start":{"line":22,"column":57},"end":{"line":22,"column":80}}]},"5":{"loc":{"start":{"line":23,"column":20},"end":{"line":23,"column":80}},"type":"binary-expr","locations":[{"start":{"line":23,"column":20},"end":{"line":23,"column":53}},{"start":{"line":23,"column":57},"end":{"line":23,"column":80}}]},"6":{"loc":{"start":{"line":24,"column":21},"end":{"line":24,"column":82}},"type":"binary-expr","locations":[{"start":{"line":24,"column":21},"end":{"line":24,"column":55}},{"start":{"line":24,"column":59},"end":{"line":24,"column":82}}]},"7":{"loc":{"start":{"line":27,"column":16},"end":{"line":27,"column":79}},"type":"binary-expr","locations":[{"start":{"line":27,"column":16},"end":{"line":27,"column":45}},{"start":{"line":27,"column":49},"end":{"line":27,"column":73}},{"start":{"line":27,"column":77},"end":{"line":27,"column":79}}]},"8":{"loc":{"start":{"line":30,"column":16},"end":{"line":30,"column":46}},"type":"binary-expr","locations":[{"start":{"line":30,"column":16},"end":{"line":30,"column":40}},{"start":{"line":30,"column":44},"end":{"line":30,"column":46}}]},"9":{"loc":{"start":{"line":31,"column":19},"end":{"line":31,"column":68}},"type":"binary-expr","locations":[{"start":{"line":31,"column":19},"end":{"line":31,"column":46}},{"start":{"line":31,"column":50},"end":{"line":31,"column":68}}]},"10":{"loc":{"start":{"line":32,"column":19},"end":{"line":32,"column":62}},"type":"binary-expr","locations":[{"start":{"line":32,"column":19},"end":{"line":32,"column":41}},{"start":{"line":32,"column":45},"end":{"line":32,"column":62}}]},"11":{"loc":{"start":{"line":39,"column":2},"end":{"line":56,"column":3}},"type":"if","locations":[{"start":{"line":39,"column":2},"end":{"line":56,"column":3}},{"start":{},"end":{}}]},"12":{"loc":{"start":{"line":40,"column":4},"end":{"line":42,"column":5}},"type":"if","locations":[{"start":{"line":40,"column":4},"end":{"line":42,"column":5}},{"start":{},"end":{}}]},"13":{"loc":{"start":{"line":78,"column":2},"end":{"line":81,"column":3}},"type":"if","locations":[{"start":{"line":78,"column":2},"end":{"line":81,"column":3}},{"start":{},"end":{}}]}},"s":{"0":4,"1":4,"2":4,"3":4,"4":4,"5":4,"6":0,"7":4,"8":4,"9":0,"10":0,"11":0,"12":0,"13":0,"14":0,"15":0,"16":0,"17":0,"18":0,"19":3,"20":0,"21":0,"22":0,"23":0,"24":0,"25":0,"26":0,"27":0,"28":0},"f":{"0":0,"1":0,"2":0,"3":0,"4":3,"5":0,"6":0},"b":{"0":[4,4],"1":[4,4],"2":[4,4],"3":[4,4],"4":[4,4],"5":[4,4],"6":[4,4],"7":[4,4,4],"8":[4,4],"9":[4,4],"10":[4,4],"11":[0,0],"12":[0,0],"13":[0,3]}}
,"/home/the_hero_of_ages/Projects/Marquee/ShelfSpace/tests/integration/helpers/testHelpers.ts": {"path":"/home/the_hero_of_ages/Projects/Marquee/ShelfSpace/tests/integration/helpers/testHelpers.ts","statementMap":{"0":{"start":{"line":28,"column":0},"end":{"line":28,"column":7}},"1":{"start":{"line":60,"column":0},"end":{"line":60,"column":7}},"2":{"start":{"line":94,"column":0},"end":{"line":94,"column":7}},"3":{"start":{"line":129,"column":0},"end":{"line":129,"column":7}},"4":{"start":{"line":147,"column":0},"end":{"line":147,"column":7}},"5":{"start":{"line":9,"column":2},"end":{"line":9,"column":26}},"6":{"start":{"line":11,"column":0},"end":{"line":11,"column":55}},"7":{"start":{"line":29,"column":2},"end":{"line":54,"column":3}},"8":{"start":{"line":30,"column":18},"end":{"line":30,"column":28}},"9":{"start":{"line":31,"column":21},"end":{"line":36,"column":null}},"10":{"start":{"line":41,"column":18},"end":{"line":41,"column":53}},"11":{"start":{"line":43,"column":4},"end":{"line":47,"column":6}},"12":{"start":{"line":49,"column":18},"end":{"line":49,"column":28}},"13":{"start":{"line":50,"column":4},"end":{"line":52,"column":5}},"14":{"start":{"line":51,"column":6},"end":{"line":51,"column":101}},"15":{"start":{"line":53,"column":4},"end":{"line":53,"column":16}},"16":{"start":{"line":66,"column":2},"end":{"line":88,"column":3}},"17":{"start":{"line":67,"column":18},"end":{"line":67,"column":28}},"18":{"start":{"line":68,"column":21},"end":{"line":73,"column":6}},"19":{"start":{"line":75,"column":4},"end":{"line":78,"column":6}},"20":{"start":{"line":80,"column":18},"end":{"line":80,"column":28}},"21":{"start":{"line":81,"column":4},"end":{"line":86,"column":5}},"22":{"start":{"line":82,"column":6},"end":{"line":85,"column":8}},"23":{"start":{"line":87,"column":4},"end":{"line":87,"column":16}},"24":{"start":{"line":99,"column":2},"end":{"line":123,"column":3}},"25":{"start":{"line":100,"column":18},"end":{"line":100,"column":28}},"26":{"start":{"line":101,"column":21},"end":{"line":108,"column":6}},"27":{"start":{"line":110,"column":4},"end":{"line":113,"column":6}},"28":{"start":{"line":115,"column":18},"end":{"line":115,"column":28}},"29":{"start":{"line":116,"column":4},"end":{"line":121,"column":5}},"30":{"start":{"line":117,"column":6},"end":{"line":120,"column":8}},"31":{"start":{"line":122,"column":4},"end":{"line":122,"column":16}},"32":{"start":{"line":130,"column":2},"end":{"line":140,"column":3}},"33":{"start":{"line":130,"column":15},"end":{"line":130,"column":16}},"34":{"start":{"line":131,"column":4},"end":{"line":139,"column":5}},"35":{"start":{"line":132,"column":20},"end":{"line":132,"column":30}},"36":{"start":{"line":133,"column":6},"end":{"line":133,"column":58}},"37":{"start":{"line":134,"column":6},"end":{"line":134,"column":18}},"38":{"start":{"line":136,"column":6},"end":{"line":138,"column":7}},"39":{"start":{"line":137,"column":8},"end":{"line":137,"column":65}},"40":{"start":{"line":137,"column":37},"end":{"line":137,"column":63}},"41":{"start":{"line":141,"column":2},"end":{"line":141,"column":15}},"42":{"start":{"line":148,"column":2},"end":{"line":153,"column":3}},"43":{"start":{"line":149,"column":4},"end":{"line":149,"column":80}},"44":{"start":{"line":152,"column":4},"end":{"line":152,"column":43}}},"fnMap":{"0":{"name":"getAxios","decl":{"start":{"line":7,"column":9},"end":{"line":7,"column":17}},"loc":{"start":{"line":7,"column":17},"end":{"line":10,"column":1}}},"1":{"name":"createTestUser","decl":{"start":{"line":28,"column":22},"end":{"line":28,"column":36}},"loc":{"start":{"line":28,"column":65},"end":{"line":55,"column":1}}},"2":{"name":"authenticatedRequest","decl":{"start":{"line":60,"column":22},"end":{"line":60,"column":42}},"loc":{"start":{"line":64,"column":12},"end":{"line":89,"column":1}}},"3":{"name":"unauthenticatedRequest","decl":{"start":{"line":94,"column":22},"end":{"line":94,"column":44}},"loc":{"start":{"line":97,"column":12},"end":{"line":124,"column":1}}},"4":{"name":"waitForService","decl":{"start":{"line":129,"column":22},"end":{"line":129,"column":36}},"loc":{"start":{"line":129,"column":79},"end":{"line":142,"column":1}}},"5":{"name":"(anonymous_5)","decl":{"start":{"line":137,"column":26},"end":{"line":137,"column":33}},"loc":{"start":{"line":137,"column":37},"end":{"line":137,"column":63}}},"6":{"name":"cleanupTestData","decl":{"start":{"line":147,"column":22},"end":{"line":147,"column":37}},"loc":{"start":{"line":147,"column":93},"end":{"line":154,"column":1}}}},"branchMap":{"0":{"loc":{"start":{"line":35,"column":14},"end":{"line":35,"column":33}},"type":"binary-expr","locations":[{"start":{"line":35,"column":14},"end":{"line":35,"column":18}},{"start":{"line":35,"column":22},"end":{"line":35,"column":33}}]},"1":{"loc":{"start":{"line":41,"column":18},"end":{"line":41,"column":53}},"type":"binary-expr","locations":[{"start":{"line":41,"column":18},"end":{"line":41,"column":37}},{"start":{"line":41,"column":41},"end":{"line":41,"column":53}}]},"2":{"loc":{"start":{"line":44,"column":10},"end":{"line":44,"column":50}},"type":"binary-expr","locations":[{"start":{"line":44,"column":10},"end":{"line":44,"column":26}},{"start":{"line":44,"column":30},"end":{"line":44,"column":50}}]},"3":{"loc":{"start":{"line":50,"column":4},"end":{"line":52,"column":5}},"type":"if","locations":[{"start":{"line":50,"column":4},"end":{"line":52,"column":5}},{"start":{},"end":{}}]},"4":{"loc":{"start":{"line":51,"column":53},"end":{"line":51,"column":97}},"type":"binary-expr","locations":[{"start":{"line":51,"column":53},"end":{"line":51,"column":80}},{"start":{"line":51,"column":84},"end":{"line":51,"column":97}}]},"5":{"loc":{"start":{"line":81,"column":4},"end":{"line":86,"column":5}},"type":"if","locations":[{"start":{"line":81,"column":4},"end":{"line":86,"column":5}},{"start":{},"end":{}}]},"6":{"loc":{"start":{"line":83,"column":15},"end":{"line":83,"column":59}},"type":"binary-expr","locations":[{"start":{"line":83,"column":15},"end":{"line":83,"column":42}},{"start":{"line":83,"column":46},"end":{"line":83,"column":59}}]},"7":{"loc":{"start":{"line":84,"column":16},"end":{"line":84,"column":45}},"type":"binary-expr","locations":[{"start":{"line":84,"column":16},"end":{"line":84,"column":38}},{"start":{"line":84,"column":42},"end":{"line":84,"column":45}}]},"8":{"loc":{"start":{"line":116,"column":4},"end":{"line":121,"column":5}},"type":"if","locations":[{"start":{"line":116,"column":4},"end":{"line":121,"column":5}},{"start":{},"end":{}}]},"9":{"loc":{"start":{"line":118,"column":15},"end":{"line":118,"column":59}},"type":"binary-expr","locations":[{"start":{"line":118,"column":15},"end":{"line":118,"column":42}},{"start":{"line":118,"column":46},"end":{"line":118,"column":59}}]},"10":{"loc":{"start":{"line":119,"column":16},"end":{"line":119,"column":45}},"type":"binary-expr","locations":[{"start":{"line":119,"column":16},"end":{"line":119,"column":38}},{"start":{"line":119,"column":42},"end":{"line":119,"column":45}}]},"11":{"loc":{"start":{"line":129,"column":50},"end":{"line":129,"column":65}},"type":"default-arg","locations":[{"start":{"line":129,"column":63},"end":{"line":129,"column":65}}]},"12":{"loc":{"start":{"line":129,"column":67},"end":{"line":129,"column":79}},"type":"default-arg","locations":[{"start":{"line":129,"column":75},"end":{"line":129,"column":79}}]},"13":{"loc":{"start":{"line":136,"column":6},"end":{"line":138,"column":7}},"type":"if","locations":[{"start":{"line":136,"column":6},"end":{"line":138,"column":7}},{"start":{},"end":{}}]}},"s":{"0":4,"1":4,"2":4,"3":4,"4":4,"5":20,"6":4,"7":0,"8":0,"9":0,"10":0,"11":0,"12":0,"13":0,"14":0,"15":0,"16":0,"17":0,"18":0,"19":0,"20":0,"21":0,"22":0,"23":0,"24":0,"25":0,"26":0,"27":0,"28":0,"29":0,"30":0,"31":0,"32":4,"33":4,"34":20,"35":20,"36":20,"37":0,"38":20,"39":20,"40":20,"41":0,"42":0,"43":0,"44":0},"f":{"0":20,"1":0,"2":0,"3":0,"4":4,"5":20,"6":0},"b":{"0":[0,0],"1":[0,0],"2":[0,0],"3":[0,0],"4":[0,0],"5":[0,0],"6":[0,0],"7":[0,0],"8":[0,0],"9":[0,0],"10":[0,0],"11":[4],"12":[4],"13":[20,0]}}
}
