TN:
SF:tests/integration/setup.ts
FN:10,getAxios
FN:38,getPrismaClient
FN:61,createTestToken
FN:69,getAuthHeaders
FN:77,cleanup
FN:85,globalSetup
FN:104,globalTeardown
FNF:7
FNH:1
FNDA:0,getAxios
FNDA:0,getPrismaClient
FNDA:0,createTestToken
FNDA:0,getAuthHeaders
FNDA:3,cleanup
FNDA:0,globalSetup
FNDA:0,globalTeardown
DA:12,0
DA:16,4
DA:36,4
DA:38,4
DA:39,0
DA:40,0
DA:41,0
DA:44,0
DA:45,0
DA:47,0
DA:49,0
DA:57,0
DA:61,4
DA:65,0
DA:69,4
DA:70,0
DA:77,4
DA:78,3
DA:79,0
DA:80,0
DA:85,4
DA:87,0
DA:93,0
DA:94,0
DA:95,0
DA:96,0
DA:98,0
DA:104,4
DA:105,0
LF:29
LH:9
BRDA:18,0,0,4
BRDA:18,0,1,4
BRDA:19,1,0,4
BRDA:19,1,1,4
BRDA:20,2,0,4
BRDA:20,2,1,4
BRDA:21,3,0,4
BRDA:21,3,1,4
BRDA:22,4,0,4
BRDA:22,4,1,4
BRDA:23,5,0,4
BRDA:23,5,1,4
BRDA:24,6,0,4
BRDA:24,6,1,4
BRDA:27,7,0,4
BRDA:27,7,1,4
BRDA:27,7,2,4
BRDA:30,8,0,4
BRDA:30,8,1,4
BRDA:31,9,0,4
BRDA:31,9,1,4
BRDA:32,10,0,4
BRDA:32,10,1,4
BRDA:39,11,0,0
BRDA:39,11,1,0
BRDA:40,12,0,0
BRDA:40,12,1,0
BRDA:78,13,0,0
BRDA:78,13,1,3
BRF:29
BRH:24
end_of_record
TN:
SF:tests/integration/helpers/testHelpers.ts
FN:7,getAxios
FN:28,createTestUser
FN:60,authenticatedRequest
FN:94,unauthenticatedRequest
FN:129,waitForService
FN:137,(anonymous_5)
FN:147,cleanupTestData
FNF:7
FNH:3
FNDA:20,getAxios
FNDA:0,createTestUser
FNDA:0,authenticatedRequest
FNDA:0,unauthenticatedRequest
FNDA:4,waitForService
FNDA:20,(anonymous_5)
FNDA:0,cleanupTestData
DA:9,20
DA:11,4
DA:28,4
DA:29,0
DA:30,0
DA:31,0
DA:41,0
DA:43,0
DA:49,0
DA:50,0
DA:51,0
DA:53,0
DA:60,4
DA:66,0
DA:67,0
DA:68,0
DA:75,0
DA:80,0
DA:81,0
DA:82,0
DA:87,0
DA:94,4
DA:99,0
DA:100,0
DA:101,0
DA:110,0
DA:115,0
DA:116,0
DA:117,0
DA:122,0
DA:129,4
DA:130,4
DA:131,20
DA:132,20
DA:133,20
DA:134,0
DA:136,20
DA:137,20
DA:141,0
DA:147,4
DA:148,0
DA:149,0
DA:152,0
LF:43
LH:13
BRDA:35,0,0,0
BRDA:35,0,1,0
BRDA:41,1,0,0
BRDA:41,1,1,0
BRDA:44,2,0,0
BRDA:44,2,1,0
BRDA:50,3,0,0
BRDA:50,3,1,0
BRDA:51,4,0,0
BRDA:51,4,1,0
BRDA:81,5,0,0
BRDA:81,5,1,0
BRDA:83,6,0,0
BRDA:83,6,1,0
BRDA:84,7,0,0
BRDA:84,7,1,0
BRDA:116,8,0,0
BRDA:116,8,1,0
BRDA:118,9,0,0
BRDA:118,9,1,0
BRDA:119,10,0,0
BRDA:119,10,1,0
BRDA:129,11,0,4
BRDA:129,12,0,4
BRDA:136,13,0,20
BRDA:136,13,1,0
BRF:26
BRH:3
end_of_record
